{"C:\\Springboard\\express-biztime\\app.js": {"path":"C:\\Springboard\\express-biztime\\app.js","statementMap":{"0":{"start":{"line":4,"column":16},"end":{"line":4,"column":34}},"1":{"start":{"line":6,"column":12},"end":{"line":6,"column":21}},"2":{"start":{"line":7,"column":16},"end":{"line":7,"column":45}},"3":{"start":{"line":8,"column":16},"end":{"line":8,"column":44}},"4":{"start":{"line":9,"column":21},"end":{"line":9,"column":46}},"5":{"start":{"line":11,"column":0},"end":{"line":11,"column":24}},"6":{"start":{"line":12,"column":0},"end":{"line":12,"column":30}},"7":{"start":{"line":13,"column":0},"end":{"line":13,"column":29}},"8":{"start":{"line":17,"column":0},"end":{"line":20,"column":3}},"9":{"start":{"line":18,"column":14},"end":{"line":18,"column":48}},"10":{"start":{"line":19,"column":2},"end":{"line":19,"column":19}},"11":{"start":{"line":24,"column":0},"end":{"line":31,"column":3}},"12":{"start":{"line":25,"column":2},"end":{"line":25,"column":32}},"13":{"start":{"line":27,"column":2},"end":{"line":30,"column":5}},"14":{"start":{"line":34,"column":0},"end":{"line":34,"column":21}}},"fnMap":{"0":{"name":"(anonymous_0)","decl":{"start":{"line":17,"column":8},"end":{"line":17,"column":9}},"loc":{"start":{"line":17,"column":33},"end":{"line":20,"column":1}},"line":17},"1":{"name":"(anonymous_1)","decl":{"start":{"line":24,"column":8},"end":{"line":24,"column":9}},"loc":{"start":{"line":24,"column":33},"end":{"line":31,"column":1}},"line":24}},"branchMap":{"0":{"loc":{"start":{"line":25,"column":13},"end":{"line":25,"column":30}},"type":"binary-expr","locations":[{"start":{"line":25,"column":13},"end":{"line":25,"column":23}},{"start":{"line":25,"column":27},"end":{"line":25,"column":30}}],"line":25}},"s":{"0":1,"1":1,"2":1,"3":1,"4":1,"5":1,"6":1,"7":1,"8":1,"9":0,"10":0,"11":1,"12":4,"13":4,"14":1},"f":{"0":0,"1":4},"b":{"0":[4,0]},"_coverageSchema":"1a1c01bbd47fc00a2c39e90264f33305004495a9","hash":"241559c3a958dd68f2af4a95de62b1529ca54005"}
,"C:\\Springboard\\express-biztime\\db.js": {"path":"C:\\Springboard\\express-biztime\\db.js","statementMap":{"0":{"start":{"line":3,"column":19},"end":{"line":3,"column":32}},"1":{"start":{"line":7,"column":0},"end":{"line":11,"column":1}},"2":{"start":{"line":8,"column":2},"end":{"line":8,"column":40}},"3":{"start":{"line":10,"column":2},"end":{"line":10,"column":35}},"4":{"start":{"line":13,"column":9},"end":{"line":15,"column":2}},"5":{"start":{"line":17,"column":0},"end":{"line":17,"column":13}},"6":{"start":{"line":19,"column":0},"end":{"line":19,"column":20}}},"fnMap":{},"branchMap":{"0":{"loc":{"start":{"line":7,"column":0},"end":{"line":11,"column":1}},"type":"if","locations":[{"start":{"line":7,"column":0},"end":{"line":11,"column":1}},{"start":{"line":7,"column":0},"end":{"line":11,"column":1}}],"line":7}},"s":{"0":1,"1":1,"2":1,"3":0,"4":1,"5":1,"6":1},"f":{},"b":{"0":[1,0]},"_coverageSchema":"1a1c01bbd47fc00a2c39e90264f33305004495a9","hash":"0689d7a1e59a8ecdc350559cc317d415183b0ffe"}
,"C:\\Springboard\\express-biztime\\expressError.js": {"path":"C:\\Springboard\\express-biztime\\expressError.js","statementMap":{"0":{"start":{"line":9,"column":4},"end":{"line":9,"column":12}},"1":{"start":{"line":10,"column":4},"end":{"line":10,"column":27}},"2":{"start":{"line":11,"column":4},"end":{"line":11,"column":25}},"3":{"start":{"line":12,"column":4},"end":{"line":12,"column":30}},"4":{"start":{"line":17,"column":0},"end":{"line":17,"column":30}}},"fnMap":{"0":{"name":"(anonymous_0)","decl":{"start":{"line":8,"column":2},"end":{"line":8,"column":3}},"loc":{"start":{"line":8,"column":31},"end":{"line":13,"column":3}},"line":8}},"branchMap":{},"s":{"0":4,"1":4,"2":4,"3":4,"4":1},"f":{"0":4},"b":{},"_coverageSchema":"1a1c01bbd47fc00a2c39e90264f33305004495a9","hash":"ec7d7efa8a8109e521a33d741f8c22e6bc200b6c"}
,"C:\\Springboard\\express-biztime\\routes\\companies.js": {"path":"C:\\Springboard\\express-biztime\\routes\\companies.js","statementMap":{"0":{"start":{"line":1,"column":16},"end":{"line":1,"column":34}},"1":{"start":{"line":2,"column":15},"end":{"line":2,"column":35}},"2":{"start":{"line":3,"column":11},"end":{"line":3,"column":27}},"3":{"start":{"line":4,"column":21},"end":{"line":4,"column":47}},"4":{"start":{"line":5,"column":16},"end":{"line":5,"column":34}},"5":{"start":{"line":8,"column":0},"end":{"line":16,"column":2}},"6":{"start":{"line":9,"column":4},"end":{"line":15,"column":5}},"7":{"start":{"line":10,"column":24},"end":{"line":10,"column":66}},"8":{"start":{"line":11,"column":8},"end":{"line":11,"column":50}},"9":{"start":{"line":12,"column":8},"end":{"line":12,"column":53}},"10":{"start":{"line":14,"column":8},"end":{"line":14,"column":23}},"11":{"start":{"line":18,"column":0},"end":{"line":30,"column":2}},"12":{"start":{"line":19,"column":4},"end":{"line":29,"column":5}},"13":{"start":{"line":20,"column":21},"end":{"line":20,"column":36}},"14":{"start":{"line":21,"column":22},"end":{"line":21,"column":85}},"15":{"start":{"line":22,"column":8},"end":{"line":22,"column":49}},"16":{"start":{"line":23,"column":8},"end":{"line":25,"column":9}},"17":{"start":{"line":24,"column":12},"end":{"line":24,"column":61}},"18":{"start":{"line":26,"column":8},"end":{"line":26,"column":49}},"19":{"start":{"line":28,"column":8},"end":{"line":28,"column":22}},"20":{"start":{"line":32,"column":0},"end":{"line":48,"column":2}},"21":{"start":{"line":33,"column":4},"end":{"line":47,"column":5}},"22":{"start":{"line":34,"column":38},"end":{"line":34,"column":46}},"23":{"start":{"line":35,"column":8},"end":{"line":37,"column":9}},"24":{"start":{"line":36,"column":12},"end":{"line":36,"column":74}},"25":{"start":{"line":38,"column":19},"end":{"line":38,"column":37}},"26":{"start":{"line":39,"column":8},"end":{"line":39,"column":29}},"27":{"start":{"line":40,"column":21},"end":{"line":42,"column":87}},"28":{"start":{"line":43,"column":8},"end":{"line":43,"column":48}},"29":{"start":{"line":44,"column":8},"end":{"line":44,"column":60}},"30":{"start":{"line":46,"column":8},"end":{"line":46,"column":22}},"31":{"start":{"line":50,"column":0},"end":{"line":65,"column":2}},"32":{"start":{"line":51,"column":4},"end":{"line":64,"column":5}},"33":{"start":{"line":52,"column":38},"end":{"line":52,"column":46}},"34":{"start":{"line":53,"column":21},"end":{"line":56,"column":49}},"35":{"start":{"line":57,"column":12},"end":{"line":57,"column":52}},"36":{"start":{"line":58,"column":12},"end":{"line":60,"column":13}},"37":{"start":{"line":59,"column":16},"end":{"line":59,"column":65}},"38":{"start":{"line":61,"column":12},"end":{"line":61,"column":52}},"39":{"start":{"line":63,"column":8},"end":{"line":63,"column":22}},"40":{"start":{"line":67,"column":0},"end":{"line":79,"column":2}},"41":{"start":{"line":68,"column":4},"end":{"line":78,"column":5}},"42":{"start":{"line":69,"column":22},"end":{"line":69,"column":96}},"43":{"start":{"line":70,"column":8},"end":{"line":72,"column":9}},"44":{"start":{"line":71,"column":12},"end":{"line":71,"column":61}},"45":{"start":{"line":73,"column":23},"end":{"line":74,"column":48}},"46":{"start":{"line":75,"column":12},"end":{"line":75,"column":50}},"47":{"start":{"line":77,"column":8},"end":{"line":77,"column":22}},"48":{"start":{"line":82,"column":0},"end":{"line":82,"column":23}}},"fnMap":{"0":{"name":"(anonymous_0)","decl":{"start":{"line":8,"column":16},"end":{"line":8,"column":17}},"loc":{"start":{"line":8,"column":46},"end":{"line":16,"column":1}},"line":8},"1":{"name":"(anonymous_1)","decl":{"start":{"line":18,"column":21},"end":{"line":18,"column":22}},"loc":{"start":{"line":18,"column":51},"end":{"line":30,"column":1}},"line":18},"2":{"name":"(anonymous_2)","decl":{"start":{"line":32,"column":17},"end":{"line":32,"column":18}},"loc":{"start":{"line":32,"column":47},"end":{"line":48,"column":1}},"line":32},"3":{"name":"(anonymous_3)","decl":{"start":{"line":50,"column":21},"end":{"line":50,"column":22}},"loc":{"start":{"line":50,"column":51},"end":{"line":65,"column":1}},"line":50},"4":{"name":"(anonymous_4)","decl":{"start":{"line":67,"column":24},"end":{"line":67,"column":25}},"loc":{"start":{"line":67,"column":54},"end":{"line":79,"column":1}},"line":67}},"branchMap":{"0":{"loc":{"start":{"line":23,"column":8},"end":{"line":25,"column":9}},"type":"if","locations":[{"start":{"line":23,"column":8},"end":{"line":25,"column":9}},{"start":{"line":23,"column":8},"end":{"line":25,"column":9}}],"line":23},"1":{"loc":{"start":{"line":35,"column":8},"end":{"line":37,"column":9}},"type":"if","locations":[{"start":{"line":35,"column":8},"end":{"line":37,"column":9}},{"start":{"line":35,"column":8},"end":{"line":37,"column":9}}],"line":35},"2":{"loc":{"start":{"line":35,"column":12},"end":{"line":35,"column":33}},"type":"binary-expr","locations":[{"start":{"line":35,"column":12},"end":{"line":35,"column":17}},{"start":{"line":35,"column":21},"end":{"line":35,"column":33}}],"line":35},"3":{"loc":{"start":{"line":58,"column":12},"end":{"line":60,"column":13}},"type":"if","locations":[{"start":{"line":58,"column":12},"end":{"line":60,"column":13}},{"start":{"line":58,"column":12},"end":{"line":60,"column":13}}],"line":58},"4":{"loc":{"start":{"line":70,"column":8},"end":{"line":72,"column":9}},"type":"if","locations":[{"start":{"line":70,"column":8},"end":{"line":72,"column":9}},{"start":{"line":70,"column":8},"end":{"line":72,"column":9}}],"line":70}},"s":{"0":1,"1":1,"2":1,"3":1,"4":1,"5":1,"6":1,"7":1,"8":1,"9":1,"10":0,"11":1,"12":2,"13":2,"14":2,"15":2,"16":2,"17":1,"18":1,"19":1,"20":1,"21":2,"22":2,"23":2,"24":1,"25":1,"26":1,"27":1,"28":1,"29":1,"30":1,"31":1,"32":2,"33":2,"34":2,"35":2,"36":2,"37":1,"38":1,"39":1,"40":1,"41":2,"42":2,"43":2,"44":1,"45":1,"46":1,"47":1,"48":1},"f":{"0":1,"1":2,"2":2,"3":2,"4":2},"b":{"0":[1,1],"1":[1,1],"2":[2,2],"3":[1,1],"4":[1,1]},"_coverageSchema":"1a1c01bbd47fc00a2c39e90264f33305004495a9","hash":"ac0c50e5a8052a6d70545ba09136687ee94920ce"}
,"C:\\Springboard\\express-biztime\\routes\\invoices.js": {"path":"C:\\Springboard\\express-biztime\\routes\\invoices.js","statementMap":{"0":{"start":{"line":1,"column":16},"end":{"line":1,"column":34}},"1":{"start":{"line":2,"column":15},"end":{"line":2,"column":35}},"2":{"start":{"line":3,"column":11},"end":{"line":3,"column":27}},"3":{"start":{"line":4,"column":21},"end":{"line":4,"column":47}},"4":{"start":{"line":10,"column":17},"end":{"line":13,"column":22}},"5":{"start":{"line":14,"column":12},"end":{"line":14,"column":34}},"6":{"start":{"line":19,"column":4},"end":{"line":25,"column":5}},"7":{"start":{"line":20,"column":8},"end":{"line":23,"column":29}},"8":{"start":{"line":24,"column":12},"end":{"line":24,"column":34}},"9":{"start":{"line":26,"column":4},"end":{"line":32,"column":5}},"10":{"start":{"line":27,"column":8},"end":{"line":30,"column":29}},"11":{"start":{"line":31,"column":12},"end":{"line":31,"column":34}},"12":{"start":{"line":38,"column":0},"end":{"line":46,"column":2}},"13":{"start":{"line":39,"column":4},"end":{"line":45,"column":5}},"14":{"start":{"line":40,"column":23},"end":{"line":40,"column":63}},"15":{"start":{"line":41,"column":8},"end":{"line":41,"column":48}},"16":{"start":{"line":42,"column":8},"end":{"line":42,"column":51}},"17":{"start":{"line":44,"column":8},"end":{"line":44,"column":23}},"18":{"start":{"line":48,"column":0},"end":{"line":59,"column":2}},"19":{"start":{"line":49,"column":4},"end":{"line":58,"column":5}},"20":{"start":{"line":50,"column":22},"end":{"line":50,"column":91}},"21":{"start":{"line":51,"column":8},"end":{"line":51,"column":49}},"22":{"start":{"line":52,"column":8},"end":{"line":54,"column":9}},"23":{"start":{"line":53,"column":12},"end":{"line":53,"column":61}},"24":{"start":{"line":55,"column":8},"end":{"line":55,"column":49}},"25":{"start":{"line":57,"column":8},"end":{"line":57,"column":23}},"26":{"start":{"line":61,"column":0},"end":{"line":76,"column":2}},"27":{"start":{"line":62,"column":4},"end":{"line":75,"column":5}},"28":{"start":{"line":63,"column":35},"end":{"line":63,"column":43}},"29":{"start":{"line":64,"column":8},"end":{"line":66,"column":9}},"30":{"start":{"line":65,"column":12},"end":{"line":65,"column":74}},"31":{"start":{"line":67,"column":21},"end":{"line":70,"column":29}},"32":{"start":{"line":71,"column":8},"end":{"line":71,"column":48}},"33":{"start":{"line":72,"column":8},"end":{"line":72,"column":60}},"34":{"start":{"line":74,"column":8},"end":{"line":74,"column":23}},"35":{"start":{"line":78,"column":0},"end":{"line":103,"column":2}},"36":{"start":{"line":79,"column":4},"end":{"line":102,"column":5}},"37":{"start":{"line":81,"column":19},"end":{"line":81,"column":32}},"38":{"start":{"line":82,"column":28},"end":{"line":82,"column":36}},"39":{"start":{"line":83,"column":8},"end":{"line":85,"column":9}},"40":{"start":{"line":84,"column":12},"end":{"line":84,"column":74}},"41":{"start":{"line":86,"column":22},"end":{"line":87,"column":31}},"42":{"start":{"line":88,"column":8},"end":{"line":90,"column":9}},"43":{"start":{"line":89,"column":12},"end":{"line":89,"column":61}},"44":{"start":{"line":91,"column":8},"end":{"line":97,"column":9}},"45":{"start":{"line":92,"column":12},"end":{"line":92,"column":46}},"46":{"start":{"line":93,"column":15},"end":{"line":97,"column":9}},"47":{"start":{"line":94,"column":12},"end":{"line":94,"column":53}},"48":{"start":{"line":96,"column":12},"end":{"line":96,"column":78}},"49":{"start":{"line":98,"column":8},"end":{"line":98,"column":40}},"50":{"start":{"line":99,"column":8},"end":{"line":99,"column":48}},"51":{"start":{"line":101,"column":8},"end":{"line":101,"column":23}},"52":{"start":{"line":105,"column":0},"end":{"line":117,"column":2}},"53":{"start":{"line":106,"column":4},"end":{"line":116,"column":5}},"54":{"start":{"line":107,"column":22},"end":{"line":107,"column":91}},"55":{"start":{"line":108,"column":8},"end":{"line":110,"column":9}},"56":{"start":{"line":109,"column":12},"end":{"line":109,"column":61}},"57":{"start":{"line":111,"column":23},"end":{"line":112,"column":44}},"58":{"start":{"line":113,"column":12},"end":{"line":113,"column":50}},"59":{"start":{"line":115,"column":8},"end":{"line":115,"column":23}},"60":{"start":{"line":119,"column":0},"end":{"line":140,"column":2}},"61":{"start":{"line":120,"column":4},"end":{"line":139,"column":5}},"62":{"start":{"line":121,"column":22},"end":{"line":124,"column":47}},"63":{"start":{"line":125,"column":8},"end":{"line":127,"column":9}},"64":{"start":{"line":126,"column":12},"end":{"line":126,"column":80}},"65":{"start":{"line":128,"column":23},"end":{"line":128,"column":25}},"66":{"start":{"line":129,"column":8},"end":{"line":133,"column":9}},"67":{"start":{"line":130,"column":12},"end":{"line":132,"column":44}},"68":{"start":{"line":134,"column":8},"end":{"line":136,"column":38}},"69":{"start":{"line":138,"column":8},"end":{"line":138,"column":23}},"70":{"start":{"line":143,"column":0},"end":{"line":143,"column":23}}},"fnMap":{"0":{"name":"updateAmt","decl":{"start":{"line":9,"column":15},"end":{"line":9,"column":24}},"loc":{"start":{"line":9,"column":33},"end":{"line":15,"column":1}},"line":9},"1":{"name":"updatePaid","decl":{"start":{"line":17,"column":15},"end":{"line":17,"column":25}},"loc":{"start":{"line":17,"column":40},"end":{"line":33,"column":1}},"line":17},"2":{"name":"(anonymous_2)","decl":{"start":{"line":38,"column":16},"end":{"line":38,"column":17}},"loc":{"start":{"line":38,"column":46},"end":{"line":46,"column":1}},"line":38},"3":{"name":"(anonymous_3)","decl":{"start":{"line":48,"column":19},"end":{"line":48,"column":20}},"loc":{"start":{"line":48,"column":49},"end":{"line":59,"column":1}},"line":48},"4":{"name":"(anonymous_4)","decl":{"start":{"line":61,"column":17},"end":{"line":61,"column":18}},"loc":{"start":{"line":61,"column":47},"end":{"line":76,"column":1}},"line":61},"5":{"name":"(anonymous_5)","decl":{"start":{"line":78,"column":19},"end":{"line":78,"column":20}},"loc":{"start":{"line":78,"column":49},"end":{"line":103,"column":1}},"line":78},"6":{"name":"(anonymous_6)","decl":{"start":{"line":105,"column":22},"end":{"line":105,"column":23}},"loc":{"start":{"line":105,"column":52},"end":{"line":117,"column":1}},"line":105},"7":{"name":"(anonymous_7)","decl":{"start":{"line":119,"column":31},"end":{"line":119,"column":32}},"loc":{"start":{"line":119,"column":61},"end":{"line":140,"column":1}},"line":119}},"branchMap":{"0":{"loc":{"start":{"line":19,"column":4},"end":{"line":25,"column":5}},"type":"if","locations":[{"start":{"line":19,"column":4},"end":{"line":25,"column":5}},{"start":{"line":19,"column":4},"end":{"line":25,"column":5}}],"line":19},"1":{"loc":{"start":{"line":26,"column":4},"end":{"line":32,"column":5}},"type":"if","locations":[{"start":{"line":26,"column":4},"end":{"line":32,"column":5}},{"start":{"line":26,"column":4},"end":{"line":32,"column":5}}],"line":26},"2":{"loc":{"start":{"line":52,"column":8},"end":{"line":54,"column":9}},"type":"if","locations":[{"start":{"line":52,"column":8},"end":{"line":54,"column":9}},{"start":{"line":52,"column":8},"end":{"line":54,"column":9}}],"line":52},"3":{"loc":{"start":{"line":64,"column":8},"end":{"line":66,"column":9}},"type":"if","locations":[{"start":{"line":64,"column":8},"end":{"line":66,"column":9}},{"start":{"line":64,"column":8},"end":{"line":66,"column":9}}],"line":64},"4":{"loc":{"start":{"line":64,"column":12},"end":{"line":64,"column":30}},"type":"binary-expr","locations":[{"start":{"line":64,"column":12},"end":{"line":64,"column":22}},{"start":{"line":64,"column":26},"end":{"line":64,"column":30}}],"line":64},"5":{"loc":{"start":{"line":83,"column":8},"end":{"line":85,"column":9}},"type":"if","locations":[{"start":{"line":83,"column":8},"end":{"line":85,"column":9}},{"start":{"line":83,"column":8},"end":{"line":85,"column":9}}],"line":83},"6":{"loc":{"start":{"line":83,"column":12},"end":{"line":83,"column":45}},"type":"binary-expr","locations":[{"start":{"line":83,"column":12},"end":{"line":83,"column":16}},{"start":{"line":83,"column":21},"end":{"line":83,"column":26}},{"start":{"line":83,"column":30},"end":{"line":83,"column":44}}],"line":83},"7":{"loc":{"start":{"line":88,"column":8},"end":{"line":90,"column":9}},"type":"if","locations":[{"start":{"line":88,"column":8},"end":{"line":90,"column":9}},{"start":{"line":88,"column":8},"end":{"line":90,"column":9}}],"line":88},"8":{"loc":{"start":{"line":91,"column":8},"end":{"line":97,"column":9}},"type":"if","locations":[{"start":{"line":91,"column":8},"end":{"line":97,"column":9}},{"start":{"line":91,"column":8},"end":{"line":97,"column":9}}],"line":91},"9":{"loc":{"start":{"line":93,"column":15},"end":{"line":97,"column":9}},"type":"if","locations":[{"start":{"line":93,"column":15},"end":{"line":97,"column":9}},{"start":{"line":93,"column":15},"end":{"line":97,"column":9}}],"line":93},"10":{"loc":{"start":{"line":93,"column":19},"end":{"line":93,"column":50}},"type":"binary-expr","locations":[{"start":{"line":93,"column":19},"end":{"line":93,"column":32}},{"start":{"line":93,"column":36},"end":{"line":93,"column":50}}],"line":93},"11":{"loc":{"start":{"line":108,"column":8},"end":{"line":110,"column":9}},"type":"if","locations":[{"start":{"line":108,"column":8},"end":{"line":110,"column":9}},{"start":{"line":108,"column":8},"end":{"line":110,"column":9}}],"line":108},"12":{"loc":{"start":{"line":125,"column":8},"end":{"line":127,"column":9}},"type":"if","locations":[{"start":{"line":125,"column":8},"end":{"line":127,"column":9}},{"start":{"line":125,"column":8},"end":{"line":127,"column":9}}],"line":125}},"s":{"0":1,"1":1,"2":1,"3":1,"4":0,"5":0,"6":0,"7":0,"8":0,"9":0,"10":0,"11":0,"12":1,"13":0,"14":0,"15":0,"16":0,"17":0,"18":1,"19":0,"20":0,"21":0,"22":0,"23":0,"24":0,"25":0,"26":1,"27":0,"28":0,"29":0,"30":0,"31":0,"32":0,"33":0,"34":0,"35":1,"36":0,"37":0,"38":0,"39":0,"40":0,"41":0,"42":0,"43":0,"44":0,"45":0,"46":0,"47":0,"48":0,"49":0,"50":0,"51":0,"52":1,"53":0,"54":0,"55":0,"56":0,"57":0,"58":0,"59":0,"60":1,"61":0,"62":0,"63":0,"64":0,"65":0,"66":0,"67":0,"68":0,"69":0,"70":1},"f":{"0":0,"1":0,"2":0,"3":0,"4":0,"5":0,"6":0,"7":0},"b":{"0":[0,0],"1":[0,0],"2":[0,0],"3":[0,0],"4":[0,0],"5":[0,0],"6":[0,0,0],"7":[0,0],"8":[0,0],"9":[0,0],"10":[0,0],"11":[0,0],"12":[0,0]},"_coverageSchema":"1a1c01bbd47fc00a2c39e90264f33305004495a9","hash":"0e0fa5a6241c3a9f753f9bc3cf3603ada7a12d8f"}
}
